[ERROR] 2016-01-06 14:33:27 ssh.LogTest - 输出
[ERROR] 2016-01-06 14:36:40 ssh.LogTest - 除数为0
[ERROR] 2016-01-06 14:37:54 ssh.LogTest - 除数为0
java.lang.ArithmeticException: / by zero
	at ssh.LogTest.main(LogTest.java:18)
[ERROR] 2016-01-06 14:38:15 ssh.LogTest - 除数为0
[ERROR] 2016-01-06 14:38:31 ssh.LogTest - 除数为0
[ERROR] 2016-01-06 14:38:44 ssh.LogTest - 除数为0
java.lang.ArithmeticException: / by zero
	at ssh.LogTest.main(LogTest.java:18)
[ERROR] 2016-01-06 14:43:31  - 错误
[ERROR] 2016-01-06 14:43:31  - 错误
java.lang.ArithmeticException: / by zero
	at ssh.LogTest.main(LogTest.java:23)
[ERROR] 2016-01-06 14:44:02  - 错误1
java.lang.ArithmeticException: / by zero
	at ssh.LogTest.main(LogTest.java:23)
[ERROR] 2016-01-06 14:44:02  - 错误2
java.lang.ArithmeticException: / by zero
	at ssh.LogTest.main(LogTest.java:23)
[ERROR] 2016-01-06 14:44:32  - 错误1
[ERROR] 2016-01-06 14:44:32  - 错误2
java.lang.ArithmeticException: / by zero
	at ssh.LogTest.main(LogTest.java:23)
[ERROR] 2016-01-06 14:46:16 ssh.LogTest - 除数为0
java.lang.ArithmeticException: / by zero
	at ssh.LogTest.main(LogTest.java:23)
[ERROR] 2016-01-06 14:48:20 ssh.LogTest - 除数为0
java.lang.ArithmeticException: / by zero
	at ssh.LogTest.main(LogTest.java:23)
[ERROR] 2016-01-06 14:48:20 ssh.LogTest - 测试信息错误
java.lang.ArithmeticException: / by zero
	at ssh.LogTest.main(LogTest.java:23)
[ERROR] 2016-01-06 14:49:46 ssh.LogTest - 除数为0
java.lang.ArithmeticException: / by zero
	at ssh.LogTest.main(LogTest.java:23)
[ERROR] 2016-01-06 14:49:46 ssh.LogTest - 测试信息错误
java.lang.ArithmeticException: / by zero
	at ssh.LogTest.main(LogTest.java:23)
[ERROR] 2016-01-06 15:00:51 ssh.LogTest - 除数为0
java.lang.ArithmeticException: / by zero
	at ssh.LogTest.main(LogTest.java:23)
[ERROR] 2016-01-06 15:00:51 ssh.LogTest - 测试信息错误
java.lang.ArithmeticException: / by zero
	at ssh.LogTest.main(LogTest.java:23)
[ERROR] 2016-01-06 15:01:07 ssh.LogTest - 除数为0
java.lang.ArithmeticException: / by zero
	at ssh.LogTest.main(LogTest.java:23)
[ERROR] 2016-01-06 15:01:07 ssh.LogTest - 测试信息错误
java.lang.ArithmeticException: / by zero
	at ssh.LogTest.main(LogTest.java:23)
[ERROR] 2016-01-06 15:01:59 ssh.LogTest - 除数为0
[ERROR] 2016-01-06 15:01:59 ssh.LogTest - 测试信息错误
java.lang.ArithmeticException: / by zero
	at ssh.LogTest.main(LogTest.java:23)
[ERROR] 2016-01-06 15:13:14 ssh.LogTest - 除数为0
[ERROR] 2016-01-06 15:13:14 ssh.LogTest - 除数为0
java.lang.ArithmeticException: / by zero
	at ssh.LogTest.main(LogTest.java:23)
[ERROR] 2016-01-06 15:13:14 ssh.LogTest - 测试信息除数为0测试信息
java.lang.ArithmeticException: / by zero
	at ssh.LogTest.main(LogTest.java:23)
[ERROR] 2016-01-06 16:26:22  - java.lang.ArithmeticException: / by zero
[ERROR] 2016-01-06 16:26:54  - java.lang.ArithmeticException: / by zero
java.lang.ArithmeticException: / by zero
	at ssh.LogTest.main(LogTest.java:23)
[ERROR] 2016-01-06 16:27:15  - / by zero
java.lang.ArithmeticException: / by zero
	at ssh.LogTest.main(LogTest.java:23)
[ERROR] 2016-01-09 23:36:48  - %hello
[ERROR] 2016-01-09 23:42:52 org.ssh.utils.MyLog - aa
[ERROR] 2016-01-09 23:44:14 ssh.LogTest - 除数为0
java.lang.ArithmeticException: / by zero
	at ssh.LogTest.main(LogTest.java:22)
[ERROR] 2016-01-09 23:44:14 org.ssh.utils.MyLog - aa
[ERROR] 2016-01-09 23:47:42 ssh.LogTest - 除数为0
java.lang.ArithmeticException: / by zero
	at ssh.LogTest.main(LogTest.java:22)
[ERROR] 2016-01-09 23:47:42 ssh.LogTest - aa
